<?xml version="1.0" encoding="UTF-8"?>
<testsuite name="com.example.appengine.test.gettingstartedjava.helloworld.HelloServletTest" tests="1" skipped="0" failures="0" errors="0" timestamp="2017-09-26T09:01:35" hostname="robin-ThinkPad-E550" time="0.0">
  <properties/>
  <testcase name="test" classname="com.example.appengine.test.gettingstartedjava.helloworld.HelloServletTest" time="0.0"/>
  <system-out><![CDATA[]]></system-out>
  <system-err><![CDATA[]]></system-err>
</testsuite>
